{"C:\\Users\\Lautaro Acosta\\Desktop\\UNI\\CUARTO CUATRIMESTRE\\PROGRAMACION IV\\tp1\\PROGRAMACION-IV\\TP2\\src\\app.ts": {"path":"C:\\Users\\Lautaro Acosta\\Desktop\\UNI\\CUARTO CUATRIMESTRE\\PROGRAMACION IV\\tp1\\PROGRAMACION-IV\\TP2\\src\\app.ts","statementMap":{"0":{"start":{"line":5,"column":0},"end":{"line":5,"column":16}},"1":{"start":{"line":1,"column":0},"end":{"line":1,"column":30}},"2":{"start":{"line":2,"column":0},"end":{"line":2,"column":24}},"3":{"start":{"line":3,"column":0},"end":{"line":3,"column":49}},"4":{"start":{"line":6,"column":14},"end":{"line":6,"column":23}},"5":{"start":{"line":7,"column":2},"end":{"line":7,"column":26}},"6":{"start":{"line":8,"column":2},"end":{"line":8,"column":35}},"7":{"start":{"line":9,"column":2},"end":{"line":9,"column":13}}},"fnMap":{"0":{"name":"makeApp","decl":{"start":{"line":5,"column":16},"end":{"line":5,"column":23}},"loc":{"start":{"line":5,"column":23},"end":{"line":10,"column":1}}}},"branchMap":{},"s":{"0":1,"1":1,"2":1,"3":1,"4":1,"5":1,"6":1,"7":1},"f":{"0":1},"b":{}}
,"C:\\Users\\Lautaro Acosta\\Desktop\\UNI\\CUARTO CUATRIMESTRE\\PROGRAMACION IV\\tp1\\PROGRAMACION-IV\\TP2\\src\\routes\\ordersRoutes.ts": {"path":"C:\\Users\\Lautaro Acosta\\Desktop\\UNI\\CUARTO CUATRIMESTRE\\PROGRAMACION IV\\tp1\\PROGRAMACION-IV\\TP2\\src\\routes\\ordersRoutes.ts","statementMap":{"0":{"start":{"line":1,"column":0},"end":{"line":1,"column":30}},"1":{"start":{"line":2,"column":0},"end":{"line":2,"column":24}},"2":{"start":{"line":3,"column":0},"end":{"line":3,"column":58}},"3":{"start":{"line":5,"column":15},"end":{"line":5,"column":31}},"4":{"start":{"line":6,"column":16},"end":{"line":6,"column":35}},"5":{"start":{"line":54,"column":9},"end":{"line":54,"column":16}},"6":{"start":{"line":8,"column":26},"end":{"line":12,"column":2}},"7":{"start":{"line":14,"column":0},"end":{"line":21,"column":3}},"8":{"start":{"line":15,"column":17},"end":{"line":15,"column":54}},"9":{"start":{"line":16,"column":2},"end":{"line":17,"column":64}},"10":{"start":{"line":17,"column":4},"end":{"line":17,"column":64}},"11":{"start":{"line":19,"column":16},"end":{"line":19,"column":48}},"12":{"start":{"line":20,"column":2},"end":{"line":20,"column":30}},"13":{"start":{"line":23,"column":0},"end":{"line":29,"column":3}},"14":{"start":{"line":24,"column":13},"end":{"line":24,"column":34}},"15":{"start":{"line":25,"column":16},"end":{"line":25,"column":40}},"16":{"start":{"line":27,"column":2},"end":{"line":27,"column":77}},"17":{"start":{"line":27,"column":14},"end":{"line":27,"column":77}},"18":{"start":{"line":28,"column":2},"end":{"line":28,"column":18}},"19":{"start":{"line":31,"column":0},"end":{"line":43,"column":3}},"20":{"start":{"line":32,"column":13},"end":{"line":32,"column":34}},"21":{"start":{"line":33,"column":2},"end":{"line":42,"column":3}},"22":{"start":{"line":34,"column":22},"end":{"line":34,"column":45}},"23":{"start":{"line":35,"column":4},"end":{"line":35,"column":83}},"24":{"start":{"line":35,"column":20},"end":{"line":35,"column":83}},"25":{"start":{"line":36,"column":4},"end":{"line":36,"column":24}},"26":{"start":{"line":38,"column":4},"end":{"line":40,"column":5}},"27":{"start":{"line":39,"column":6},"end":{"line":39,"column":89}},"28":{"start":{"line":41,"column":4},"end":{"line":41,"column":66}},"29":{"start":{"line":45,"column":0},"end":{"line":49,"column":3}},"30":{"start":{"line":46,"column":17},"end":{"line":46,"column":86}},"31":{"start":{"line":47,"column":17},"end":{"line":47,"column":42}},"32":{"start":{"line":48,"column":2},"end":{"line":48,"column":19}},"33":{"start":{"line":53,"column":0},"end":{"line":53,"column":22}}},"fnMap":{"0":{"name":"(anonymous_1)","decl":{"start":{"line":14,"column":17},"end":{"line":14,"column":18}},"loc":{"start":{"line":14,"column":30},"end":{"line":21,"column":1}}},"1":{"name":"(anonymous_2)","decl":{"start":{"line":23,"column":19},"end":{"line":23,"column":20}},"loc":{"start":{"line":23,"column":32},"end":{"line":29,"column":1}}},"2":{"name":"(anonymous_3)","decl":{"start":{"line":31,"column":27},"end":{"line":31,"column":28}},"loc":{"start":{"line":31,"column":40},"end":{"line":43,"column":1}}},"3":{"name":"(anonymous_4)","decl":{"start":{"line":45,"column":16},"end":{"line":45,"column":17}},"loc":{"start":{"line":45,"column":29},"end":{"line":49,"column":1}}}},"branchMap":{"0":{"loc":{"start":{"line":16,"column":2},"end":{"line":17,"column":64}},"type":"if","locations":[{"start":{"line":16,"column":2},"end":{"line":17,"column":64}},{"start":{},"end":{}}]},"1":{"loc":{"start":{"line":27,"column":2},"end":{"line":27,"column":77}},"type":"if","locations":[{"start":{"line":27,"column":2},"end":{"line":27,"column":77}},{"start":{},"end":{}}]},"2":{"loc":{"start":{"line":35,"column":4},"end":{"line":35,"column":83}},"type":"if","locations":[{"start":{"line":35,"column":4},"end":{"line":35,"column":83}},{"start":{},"end":{}}]},"3":{"loc":{"start":{"line":38,"column":4},"end":{"line":40,"column":5}},"type":"if","locations":[{"start":{"line":38,"column":4},"end":{"line":40,"column":5}},{"start":{},"end":{}}]}},"s":{"0":1,"1":1,"2":1,"3":1,"4":1,"5":1,"6":1,"7":1,"8":7,"9":7,"10":3,"11":4,"12":4,"13":1,"14":2,"15":2,"16":2,"17":1,"18":1,"19":1,"20":3,"21":3,"22":3,"23":2,"24":1,"25":1,"26":1,"27":1,"28":0,"29":1,"30":2,"31":2,"32":2,"33":1},"f":{"0":7,"1":2,"2":3,"3":2},"b":{"0":[3,4],"1":[1,1],"2":[1,1],"3":[1,0]}}
,"C:\\Users\\Lautaro Acosta\\Desktop\\UNI\\CUARTO CUATRIMESTRE\\PROGRAMACION IV\\tp1\\PROGRAMACION-IV\\TP2\\src\\services\\ordersService.ts": {"path":"C:\\Users\\Lautaro Acosta\\Desktop\\UNI\\CUARTO CUATRIMESTRE\\PROGRAMACION IV\\tp1\\PROGRAMACION-IV\\TP2\\src\\services\\ordersService.ts","statementMap":{"0":{"start":{"line":11,"column":28},"end":{"line":11,"column":30}},"1":{"start":{"line":12,"column":19},"end":{"line":12,"column":20}},"2":{"start":{"line":15,"column":22},"end":{"line":15,"column":62}},"3":{"start":{"line":16,"column":18},"end":{"line":16,"column":56}},"4":{"start":{"line":18,"column":25},"end":{"line":23,"column":6}},"5":{"start":{"line":25,"column":4},"end":{"line":25,"column":28}},"6":{"start":{"line":26,"column":4},"end":{"line":26,"column":17}},"7":{"start":{"line":30,"column":16},"end":{"line":30,"column":50}},"8":{"start":{"line":30,"column":38},"end":{"line":30,"column":49}},"9":{"start":{"line":31,"column":2},"end":{"line":31,"column":26}},"10":{"start":{"line":31,"column":14},"end":{"line":31,"column":26}},"11":{"start":{"line":32,"column":2},"end":{"line":32,"column":15}},"12":{"start":{"line":36,"column":16},"end":{"line":36,"column":50}},"13":{"start":{"line":36,"column":38},"end":{"line":36,"column":49}},"14":{"start":{"line":37,"column":2},"end":{"line":37,"column":26}},"15":{"start":{"line":37,"column":14},"end":{"line":37,"column":26}},"16":{"start":{"line":39,"column":2},"end":{"line":41,"column":3}},"17":{"start":{"line":40,"column":4},"end":{"line":40,"column":33}},"18":{"start":{"line":43,"column":2},"end":{"line":43,"column":29}},"19":{"start":{"line":44,"column":2},"end":{"line":44,"column":15}},"20":{"start":{"line":48,"column":2},"end":{"line":48,"column":66}},"21":{"start":{"line":48,"column":14},"end":{"line":48,"column":66}},"22":{"start":{"line":48,"column":45},"end":{"line":48,"column":64}},"23":{"start":{"line":49,"column":2},"end":{"line":49,"column":21}},"24":{"start":{"line":10,"column":0},"end":{"line":10,"column":13}}},"fnMap":{"0":{"name":"(anonymous_0)","decl":{"start":{"line":14,"column":2},"end":{"line":14,"column":13}},"loc":{"start":{"line":14,"column":58},"end":{"line":27,"column":3}}},"1":{"name":"(anonymous_1)","decl":{"start":{"line":29,"column":2},"end":{"line":29,"column":14}},"loc":{"start":{"line":29,"column":25},"end":{"line":33,"column":1}}},"2":{"name":"(anonymous_2)","decl":{"start":{"line":30,"column":33},"end":{"line":30,"column":34}},"loc":{"start":{"line":30,"column":38},"end":{"line":30,"column":49}}},"3":{"name":"(anonymous_3)","decl":{"start":{"line":35,"column":0},"end":{"line":35,"column":11}},"loc":{"start":{"line":35,"column":22},"end":{"line":45,"column":1}}},"4":{"name":"(anonymous_4)","decl":{"start":{"line":36,"column":33},"end":{"line":36,"column":34}},"loc":{"start":{"line":36,"column":38},"end":{"line":36,"column":49}}},"5":{"name":"(anonymous_5)","decl":{"start":{"line":47,"column":0},"end":{"line":47,"column":9}},"loc":{"start":{"line":47,"column":56},"end":{"line":50,"column":1}}},"6":{"name":"(anonymous_6)","decl":{"start":{"line":48,"column":40},"end":{"line":48,"column":41}},"loc":{"start":{"line":48,"column":45},"end":{"line":48,"column":64}}}},"branchMap":{"0":{"loc":{"start":{"line":31,"column":2},"end":{"line":31,"column":26}},"type":"if","locations":[{"start":{"line":31,"column":2},"end":{"line":31,"column":26}},{"start":{},"end":{}}]},"1":{"loc":{"start":{"line":37,"column":2},"end":{"line":37,"column":26}},"type":"if","locations":[{"start":{"line":37,"column":2},"end":{"line":37,"column":26}},{"start":{},"end":{}}]},"2":{"loc":{"start":{"line":39,"column":2},"end":{"line":41,"column":3}},"type":"if","locations":[{"start":{"line":39,"column":2},"end":{"line":41,"column":3}},{"start":{},"end":{}}]},"3":{"loc":{"start":{"line":48,"column":2},"end":{"line":48,"column":66}},"type":"if","locations":[{"start":{"line":48,"column":2},"end":{"line":48,"column":66}},{"start":{},"end":{}}]}},"s":{"0":2,"1":2,"2":5,"3":5,"4":5,"5":5,"6":5,"7":3,"8":8,"9":3,"10":1,"11":2,"12":3,"13":11,"14":3,"15":1,"16":2,"17":1,"18":1,"19":1,"20":2,"21":1,"22":4,"23":1,"24":2},"f":{"0":5,"1":3,"2":8,"3":3,"4":11,"5":2,"6":4},"b":{"0":[1,2],"1":[1,2],"2":[1,1],"3":[1,1]}}
}
