TN:
SF:src\app.ts
FN:5,makeApp
FNF:1
FNH:1
FNDA:1,makeApp
DA:1,1
DA:2,1
DA:3,1
DA:5,1
DA:6,1
DA:7,1
DA:8,1
DA:9,1
LF:8
LH:8
BRF:0
BRH:0
end_of_record
TN:
SF:src\routes\ordersRoutes.ts
FN:14,(anonymous_1)
FN:23,(anonymous_2)
FN:31,(anonymous_3)
FN:45,(anonymous_4)
FNF:4
FNH:4
FNDA:7,(anonymous_1)
FNDA:2,(anonymous_2)
FNDA:3,(anonymous_3)
FNDA:2,(anonymous_4)
DA:1,1
DA:2,1
DA:3,1
DA:5,1
DA:6,1
DA:8,1
DA:14,1
DA:15,7
DA:16,7
DA:17,3
DA:19,4
DA:20,4
DA:23,1
DA:24,2
DA:25,2
DA:27,2
DA:28,1
DA:31,1
DA:32,3
DA:33,3
DA:34,3
DA:35,2
DA:36,1
DA:38,1
DA:39,1
DA:41,0
DA:45,1
DA:46,2
DA:47,2
DA:48,2
DA:53,1
DA:54,1
LF:32
LH:31
BRDA:16,0,0,3
BRDA:16,0,1,4
BRDA:27,1,0,1
BRDA:27,1,1,1
BRDA:35,2,0,1
BRDA:35,2,1,1
BRDA:38,3,0,1
BRDA:38,3,1,0
BRF:8
BRH:7
end_of_record
TN:
SF:src\services\ordersService.ts
FN:14,(anonymous_0)
FN:29,(anonymous_1)
FN:30,(anonymous_2)
FN:35,(anonymous_3)
FN:36,(anonymous_4)
FN:47,(anonymous_5)
FN:48,(anonymous_6)
FNF:7
FNH:7
FNDA:5,(anonymous_0)
FNDA:3,(anonymous_1)
FNDA:8,(anonymous_2)
FNDA:3,(anonymous_3)
FNDA:11,(anonymous_4)
FNDA:2,(anonymous_5)
FNDA:4,(anonymous_6)
DA:10,2
DA:11,2
DA:12,2
DA:15,5
DA:16,5
DA:18,5
DA:25,5
DA:26,5
DA:30,8
DA:31,3
DA:32,2
DA:36,11
DA:37,3
DA:39,2
DA:40,1
DA:43,1
DA:44,1
DA:48,4
DA:49,1
LF:19
LH:19
BRDA:31,0,0,1
BRDA:31,0,1,2
BRDA:37,1,0,1
BRDA:37,1,1,2
BRDA:39,2,0,1
BRDA:39,2,1,1
BRDA:48,3,0,1
BRDA:48,3,1,1
BRF:8
BRH:8
end_of_record
